

Microchip Technology PIC LITE Macro Assembler V1.45 build -152302408 
                                                                                               Fri Jul 03 19:36:13 2020

Microchip Technology Omniscient Code Generator v1.45 (Free mode) build 201711160504
     1                           	processor	16F886
     2                           	opt	pw 120
     3                           	opt	lm
     4                           	psect	idataCOMMON,global,class=CODE,delta=2
     5                           	psect	cinit,global,class=CODE,merge=1,delta=2
     6                           	psect	bitbssCOMMON,global,bit,class=COMMON,space=1,delta=1
     7                           	psect	dataCOMMON,global,class=COMMON,space=1,delta=1
     8                           	psect	bssBANK0,global,class=BANK0,space=1,delta=1
     9                           	psect	cstackCOMMON,global,class=COMMON,space=1,delta=1
    10                           	psect	cstackBANK0,global,class=BANK0,space=1,delta=1
    11                           	psect	maintext,global,class=CODE,split=1,delta=2
    12                           	psect	text1,local,class=CODE,merge=1,delta=2
    13                           	psect	text2,local,class=CODE,merge=1,delta=2
    14                           	psect	text3,local,class=CODE,merge=1,delta=2
    15                           	psect	text4,local,class=CODE,merge=1,delta=2
    16                           	psect	text5,local,class=CODE,merge=1,delta=2,group=1
    17                           	psect	text6,local,class=CODE,merge=1,delta=2,group=1
    18                           	psect	text7,local,class=CODE,merge=1,delta=2
    19                           	psect	intentry,global,class=CODE,delta=2
    20                           	psect	text8,local,class=CODE,merge=1,delta=2
    21                           	psect	text9,local,class=CODE,merge=1,delta=2
    22                           	dabs	1,0x7E,2
    23  0000                     
    24                           ; Version 1.45
    25                           ; Generated 16/11/2017 GMT
    26                           ; 
    27                           ; Copyright © 2017, Microchip Technology Inc. and its subsidiaries ("Microchip")
    28                           ; All rights reserved.
    29                           ; 
    30                           ; This software is developed by Microchip Technology Inc. and its subsidiaries ("Microch
      +                          ip").
    31                           ; 
    32                           ; Redistribution and use in source and binary forms, with or without modification, are
    33                           ; permitted provided that the following conditions are met:
    34                           ; 
    35                           ;     1. Redistributions of source code must retain the above copyright notice, this lis
      +                          t of
    36                           ;        conditions and the following disclaimer.
    37                           ; 
    38                           ;     2. Redistributions in binary form must reproduce the above copyright notice, this 
      +                          list
    39                           ;        of conditions and the following disclaimer in the documentation and/or other
    40                           ;        materials provided with the distribution.
    41                           ; 
    42                           ;     3. Microchip's name may not be used to endorse or promote products derived from th
      +                          is
    43                           ;        software without specific prior written permission.
    44                           ; 
    45                           ; THIS SOFTWARE IS PROVIDED BY MICROCHIP "AS IS" AND ANY EXPRESS OR IMPLIED WARRANTIES,
    46                           ; INCLUDING, BUT NOT LIMITED TO, THE IMPLIED WARRANTIES OF MERCHANTABILITY AND FITNESS F
      +                          OR
    47                           ; PURPOSE ARE DISCLAIMED.  IN NO EVENT SHALL MICROCHIP BE LIABLE FOR ANY DIRECT, INDIREC
      +                          T,
    48                           ; INCIDENTAL, SPECIAL, EXEMPLARY, OR CONSEQUENTIAL DAMAGES (INCLUDING BUT NOT LIMITED TO
    49                           ; PROCUREMENT OF SUBSTITUTE GOODS OR SERVICES; LOSS OF USE, DATA OR PROFITS; OR BUSINESS
    50                           ; INTERRUPTION) HOWSOEVER CAUSED AND ON ANY THEORY OF LIABILITY, WHETHER IN CONTRACT, ST
      +                          RICT
    51                           ; LIABILITY, OR TORT (INCLUDING NEGLIGENCE OR OTHERWISE) ARISING IN ANY WAY OUT OF THE U
      +                          SE OF
    52                           ; THIS SOFTWARE, EVEN IF ADVISED OF THE POSSIBILITY OF SUCH DAMAGE.
    53                           ; 
    54                           ; 
    55                           ; Code-generator required, PIC16F886 Definitions
    56                           ; 
    57                           ; SFR Addresses
    58  0000                     	;# 
    59  0001                     	;# 
    60  0002                     	;# 
    61  0003                     	;# 
    62  0004                     	;# 
    63  0005                     	;# 
    64  0006                     	;# 
    65  0007                     	;# 
    66  0009                     	;# 
    67  000A                     	;# 
    68  000B                     	;# 
    69  000C                     	;# 
    70  000D                     	;# 
    71  000E                     	;# 
    72  000E                     	;# 
    73  000F                     	;# 
    74  0010                     	;# 
    75  0011                     	;# 
    76  0012                     	;# 
    77  0013                     	;# 
    78  0014                     	;# 
    79  0015                     	;# 
    80  0015                     	;# 
    81  0016                     	;# 
    82  0017                     	;# 
    83  0018                     	;# 
    84  0019                     	;# 
    85  001A                     	;# 
    86  001B                     	;# 
    87  001B                     	;# 
    88  001C                     	;# 
    89  001D                     	;# 
    90  001E                     	;# 
    91  001F                     	;# 
    92  0081                     	;# 
    93  0085                     	;# 
    94  0086                     	;# 
    95  0087                     	;# 
    96  0089                     	;# 
    97  008C                     	;# 
    98  008D                     	;# 
    99  008E                     	;# 
   100  008F                     	;# 
   101  0090                     	;# 
   102  0091                     	;# 
   103  0092                     	;# 
   104  0093                     	;# 
   105  0093                     	;# 
   106  0093                     	;# 
   107  0094                     	;# 
   108  0095                     	;# 
   109  0096                     	;# 
   110  0097                     	;# 
   111  0098                     	;# 
   112  0099                     	;# 
   113  009A                     	;# 
   114  009B                     	;# 
   115  009C                     	;# 
   116  009D                     	;# 
   117  009E                     	;# 
   118  009F                     	;# 
   119  0105                     	;# 
   120  0107                     	;# 
   121  0108                     	;# 
   122  0109                     	;# 
   123  010C                     	;# 
   124  010C                     	;# 
   125  010D                     	;# 
   126  010E                     	;# 
   127  010F                     	;# 
   128  0185                     	;# 
   129  0187                     	;# 
   130  0188                     	;# 
   131  0189                     	;# 
   132  018C                     	;# 
   133  018D                     	;# 
   134  0000                     	;# 
   135  0001                     	;# 
   136  0002                     	;# 
   137  0003                     	;# 
   138  0004                     	;# 
   139  0005                     	;# 
   140  0006                     	;# 
   141  0007                     	;# 
   142  0009                     	;# 
   143  000A                     	;# 
   144  000B                     	;# 
   145  000C                     	;# 
   146  000D                     	;# 
   147  000E                     	;# 
   148  000E                     	;# 
   149  000F                     	;# 
   150  0010                     	;# 
   151  0011                     	;# 
   152  0012                     	;# 
   153  0013                     	;# 
   154  0014                     	;# 
   155  0015                     	;# 
   156  0015                     	;# 
   157  0016                     	;# 
   158  0017                     	;# 
   159  0018                     	;# 
   160  0019                     	;# 
   161  001A                     	;# 
   162  001B                     	;# 
   163  001B                     	;# 
   164  001C                     	;# 
   165  001D                     	;# 
   166  001E                     	;# 
   167  001F                     	;# 
   168  0081                     	;# 
   169  0085                     	;# 
   170  0086                     	;# 
   171  0087                     	;# 
   172  0089                     	;# 
   173  008C                     	;# 
   174  008D                     	;# 
   175  008E                     	;# 
   176  008F                     	;# 
   177  0090                     	;# 
   178  0091                     	;# 
   179  0092                     	;# 
   180  0093                     	;# 
   181  0093                     	;# 
   182  0093                     	;# 
   183  0094                     	;# 
   184  0095                     	;# 
   185  0096                     	;# 
   186  0097                     	;# 
   187  0098                     	;# 
   188  0099                     	;# 
   189  009A                     	;# 
   190  009B                     	;# 
   191  009C                     	;# 
   192  009D                     	;# 
   193  009E                     	;# 
   194  009F                     	;# 
   195  0105                     	;# 
   196  0107                     	;# 
   197  0108                     	;# 
   198  0109                     	;# 
   199  010C                     	;# 
   200  010C                     	;# 
   201  010D                     	;# 
   202  010E                     	;# 
   203  010F                     	;# 
   204  0185                     	;# 
   205  0187                     	;# 
   206  0188                     	;# 
   207  0189                     	;# 
   208  018C                     	;# 
   209  018D                     	;# 
   210                           
   211                           	psect	idataCOMMON
   212  02A6                     __pidataCOMMON:	
   213                           
   214                           ;initializer for io_sw_read@swOld
   215  02A6  3401               	retlw	1
   216  0007                     _PORTC	set	7
   217  0006                     _PORTB	set	6
   218  0005                     _PORTA	set	5
   219  0001                     _TMR0	set	1
   220  0018                     _CARRY	set	24
   221  0037                     _RB7	set	55
   222  0035                     _RB5	set	53
   223  005B                     _RBIE	set	91
   224  005F                     _GIE	set	95
   225  005A                     _T0IF	set	90
   226  005D                     _T0IE	set	93
   227  0087                     _TRISC	set	135
   228  0086                     _TRISB	set	134
   229  0085                     _TRISA	set	133
   230  04B6                     _IOCB6	set	1206
   231  04AE                     _WPUB6	set	1198
   232  040F                     _nRBPU	set	1039
   233  0436                     _TRISB6	set	1078
   234  0437                     _TRISB7	set	1079
   235  0435                     _TRISB5	set	1077
   236  040A                     _PS2	set	1034
   237  0409                     _PS1	set	1033
   238  0408                     _PS0	set	1032
   239  040B                     _PSA	set	1035
   240  040D                     _T0CS	set	1037
   241  010C                     _EEDATA	set	268
   242  010D                     _EEADR	set	269
   243  018D                     _EECON2	set	397
   244  018C                     _EECON1	set	396
   245  0C62                     _WREN	set	3170
   246  0C60                     _RD	set	3168
   247  0C61                     _WR	set	3169
   248  0C4D                     _ANS13	set	3149
   249                           
   250                           ; #config settings
   251  0000                     
   252                           	psect	cinit
   253  0015                     start_initialization:	
   254  0015                     __initialization:	
   255                           
   256                           ; Initialize objects allocated to COMMON
   257  0015  120A  118A  22A6   	fcall	__pidataCOMMON	;fetch initializer
   258  0018  00FD               	movwf	__pdataCOMMON& (0+127)
   259                           
   260                           ; Clear objects allocated to BANK0
   261  0019  01AF               	clrf	__pbssBANK0& (0+127)
   262  001A  01B0               	clrf	(__pbssBANK0+1)& (0+127)
   263  001B  01B1               	clrf	(__pbssBANK0+2)& (0+127)
   264  001C  01B2               	clrf	(__pbssBANK0+3)& (0+127)
   265                           
   266                           ; Clear objects allocated to BITCOMMON
   267  001D  01FC               	clrf	(__pbitbssCOMMON/(0+8))& (0+127)
   268  001E                     end_of_initialization:	
   269                           ;End of C runtime variable initialization code
   270                           
   271  001E                     __end_of__initialization:	
   272  001E  0183               	clrf	3
   273  001F  120A  118A  2929   	ljmp	_main	;jump to C main() function
   274                           
   275                           	psect	bitbssCOMMON
   276  03E0                     __pbitbssCOMMON:	
   277  03E0                     _swPressed:	
   278  03E0                     	ds	1
   279                           
   280                           	psect	dataCOMMON
   281  007D                     __pdataCOMMON:	
   282  007D                     io_sw_read@swOld:	
   283  007D                     	ds	1
   284                           
   285                           	psect	bssBANK0
   286  002F                     __pbssBANK0:	
   287  002F                     _antigo:	
   288  002F                     	ds	2
   289  0031                     _rch:	
   290  0031                     	ds	2
   291                           
   292                           	psect	cstackCOMMON
   293  0070                     __pcstackCOMMON:	
   294  0070                     ?_eeprom_read:	
   295  0070                     ?_io_init:	
   296                           ; 1 bytes @ 0x0
   297                           
   298  0070                     ?_isr:	
   299                           ; 1 bytes @ 0x0
   300                           
   301  0070                     ?_t0_init:	
   302                           ; 1 bytes @ 0x0
   303                           
   304  0070                     ?_eeprom_wr_init:	
   305                           ; 1 bytes @ 0x0
   306                           
   307  0070                     ?_port_init:	
   308                           ; 1 bytes @ 0x0
   309                           
   310  0070                     ?_main:	
   311                           ; 1 bytes @ 0x0
   312                           
   313  0070                     ?i1_eeprom_read:	
   314                           ; 1 bytes @ 0x0
   315                           
   316  0070                     ??i1_eeprom_read:	
   317                           ; 1 bytes @ 0x0
   318                           
   319                           
   320                           ; 1 bytes @ 0x0
   321  0070                     	ds	1
   322  0071                     i1eeprom_read@addr:	
   323                           
   324                           ; 1 bytes @ 0x1
   325  0071                     	ds	1
   326  0072                     ?_key_read:	
   327                           
   328                           ; 2 bytes @ 0x2
   329  0072                     	ds	2
   330  0074                     ??_key_read:	
   331                           
   332                           ; 1 bytes @ 0x4
   333  0074                     	ds	2
   334  0076                     key_read@temp1:	
   335                           
   336                           ; 2 bytes @ 0x6
   337  0076                     	ds	2
   338  0078                     ??_isr:	
   339                           
   340                           ; 1 bytes @ 0x8
   341  0078                     	ds	4
   342                           
   343                           	psect	cstackBANK0
   344  0020                     __pcstackBANK0:	
   345  0020                     ?_eeprom_write:	
   346  0020                     ??_eeprom_read:	
   347                           ; 1 bytes @ 0x0
   348                           
   349  0020                     ??_io_init:	
   350                           ; 1 bytes @ 0x0
   351                           
   352  0020                     ??_t0_init:	
   353                           ; 1 bytes @ 0x0
   354                           
   355  0020                     ??_port_init:	
   356                           ; 1 bytes @ 0x0
   357                           
   358  0020                     eeprom_write@value:	
   359                           ; 1 bytes @ 0x0
   360                           
   361                           
   362                           ; 1 bytes @ 0x0
   363  0020                     	ds	1
   364  0021                     ??_eeprom_write:	
   365  0021                     eeprom_read@addr:	
   366                           ; 1 bytes @ 0x1
   367                           
   368                           
   369                           ; 1 bytes @ 0x1
   370  0021                     	ds	1
   371  0022                     eeprom_write@addr:	
   372                           
   373                           ; 1 bytes @ 0x2
   374  0022                     	ds	1
   375  0023                     ??_eeprom_wr_init:	
   376                           
   377                           ; 1 bytes @ 0x3
   378  0023                     	ds	1
   379  0024                     ??_main:	
   380                           
   381                           ; 1 bytes @ 0x4
   382  0024                     	ds	2
   383  0026                     main@lcd:	
   384                           
   385                           ; 5 bytes @ 0x6
   386  0026                     	ds	5
   387  002B                     main@i_max:	
   388                           
   389                           ; 2 bytes @ 0xB
   390  002B                     	ds	2
   391  002D                     main@i:	
   392                           
   393                           ; 2 bytes @ 0xD
   394  002D                     	ds	2
   395                           
   396                           	psect	maintext
   397  0129                     __pmaintext:	
   398 ;;
   399 ;;Main: autosize = 0, tempsize = 2, incstack = 0, save=0
   400 ;;
   401 ;; *************** function _main *****************
   402 ;; Defined at:
   403 ;;		line 115 in file "main.c"
   404 ;; Parameters:    Size  Location     Type
   405 ;;		None
   406 ;; Auto vars:     Size  Location     Type
   407 ;;  lcd             5    6[BANK0 ] unsigned char [5]
   408 ;;  i               2   13[BANK0 ] int 
   409 ;;  i_max           2   11[BANK0 ] int 
   410 ;; Return value:  Size  Location     Type
   411 ;;                  1    wreg      void 
   412 ;; Registers used:
   413 ;;		wreg, fsr0l, fsr0h, status,2, status,0, btemp+1, pclath, cstack
   414 ;; Tracked objects:
   415 ;;		On entry : B00/0
   416 ;;		On exit  : 0/0
   417 ;;		Unchanged: 0/0
   418 ;; Data sizes:     COMMON   BANK0   BANK1   BANK3   BANK2
   419 ;;      Params:         0       0       0       0       0
   420 ;;      Locals:         0       9       0       0       0
   421 ;;      Temps:          0       2       0       0       0
   422 ;;      Totals:         0      11       0       0       0
   423 ;;Total ram usage:       11 bytes
   424 ;; Hardware stack levels required when called:    5
   425 ;; This function calls:
   426 ;;		_eeprom_read
   427 ;;		_eeprom_wr_init
   428 ;;		_io_init
   429 ;;		_port_init
   430 ;;		_t0_init
   431 ;; This function is called by:
   432 ;;		Startup code after reset
   433 ;; This function uses a non-reentrant model
   434 ;;
   435                           
   436                           
   437                           ;psect for function _main
   438  0129                     _main:	
   439                           
   440                           ;main.c: 120: t0_init();
   441                           
   442                           ;incstack = 0
   443                           ; Regs used in _main: [wreg-fsr0h+status,2+status,0+btemp+1+pclath+cstack]
   444  0129  120A  118A  2299  120A  118A  	fcall	_t0_init
   445                           
   446                           ;main.c: 121: io_init();
   447  012E  120A  118A  228A  120A  118A  	fcall	_io_init
   448                           
   449                           ;main.c: 122: eeprom_wr_init();
   450  0133  120A  118A  2022  120A  118A  	fcall	_eeprom_wr_init
   451                           
   452                           ;main.c: 123: port_init();
   453  0138  120A  118A  227A  120A  118A  	fcall	_port_init
   454                           
   455                           ;main.c: 124: (GIE = 1);
   456  013D  178B               	bsf	11,7	;volatile
   457                           
   458                           ;main.c: 127: char lcd[5];
   459                           ;main.c: 128: int i;
   460                           ;main.c: 129: int i_max = 0;
   461  013E  1283               	bcf	3,5	;RP0=0, select bank0
   462  013F  1303               	bcf	3,6	;RP1=0, select bank0
   463  0140  01AB               	clrf	main@i_max
   464  0141  01AC               	clrf	main@i_max+1
   465  0142                     l880:	
   466                           ;main.c: 133: while(1) {
   467                           
   468                           
   469                           ;main.c: 134: if(rch == '*'){
   470  0142  302A               	movlw	42
   471  0143  1283               	bcf	3,5	;RP0=0, select bank0
   472  0144  1303               	bcf	3,6	;RP1=0, select bank0
   473  0145  0631               	xorwf	_rch,w	;volatile
   474  0146  0432               	iorwf	_rch+1,w	;volatile
   475  0147  1D03               	btfss	3,2
   476  0148  2951               	goto	l888
   477                           
   478                           ;main.c: 136: PORTA = 0b10000000;
   479  0149  3080               	movlw	128
   480  014A  0085               	movwf	5	;volatile
   481                           
   482                           ;main.c: 137: lcd[0]='\0';
   483  014B  01A6               	clrf	main@lcd
   484                           
   485                           ;main.c: 138: i_max = 0;
   486  014C  01AB               	clrf	main@i_max
   487  014D  01AC               	clrf	main@i_max+1
   488                           
   489                           ;main.c: 139: PORTB = 0b00001000;
   490  014E  3008               	movlw	8
   491  014F  0086               	movwf	6	;volatile
   492                           
   493                           ;main.c: 140: }
   494  0150  29B5               	goto	l934
   495  0151                     l888:	
   496                           
   497                           ;main.c: 141: else if(rch == '#'){
   498  0151  3023               	movlw	35
   499  0152  0631               	xorwf	_rch,w	;volatile
   500  0153  0432               	iorwf	_rch+1,w	;volatile
   501  0154  1D03               	btfss	3,2
   502  0155  296A               	goto	l894
   503                           
   504                           ;main.c: 143: if(i_max < 3)
   505  0156  082C               	movf	main@i_max+1,w
   506  0157  3A80               	xorlw	128
   507  0158  00FF               	movwf	127
   508  0159  3080               	movlw	128
   509  015A  027F               	subwf	127,w
   510  015B  1D03               	skipz
   511  015C  295F               	goto	u365
   512  015D  3003               	movlw	3
   513  015E  022B               	subwf	main@i_max,w
   514  015F                     u365:	
   515  015F  1803               	skipnc
   516  0160  29B5               	goto	l934
   517                           
   518                           ;main.c: 144: i_max += 1;
   519  0161  3001               	movlw	1
   520  0162  1283               	bcf	3,5	;RP0=0, select bank0
   521  0163  1303               	bcf	3,6	;RP1=0, select bank0
   522  0164  07AB               	addwf	main@i_max,f
   523  0165  1803               	skipnc
   524  0166  0AAC               	incf	main@i_max+1,f
   525  0167  3000               	movlw	0
   526  0168  07AC               	addwf	main@i_max+1,f
   527                           
   528                           ;main.c: 145: }
   529  0169  29B5               	goto	l934
   530  016A                     l894:	
   531                           
   532                           ;main.c: 146: else {
   533                           ;main.c: 147: for(i = 0; i <= i_max; i++){
   534  016A  01AD               	clrf	main@i
   535  016B  01AE               	clrf	main@i+1
   536  016C                     l932:	
   537  016C  082C               	movf	main@i_max+1,w
   538  016D  3A80               	xorlw	128
   539  016E  00A4               	movwf	??_main
   540  016F  082E               	movf	main@i+1,w
   541  0170  3A80               	xorlw	128
   542  0171  0224               	subwf	??_main,w
   543  0172  1D03               	skipz
   544  0173  2976               	goto	u455
   545  0174  082D               	movf	main@i,w
   546  0175  022B               	subwf	main@i_max,w
   547  0176                     u455:	
   548  0176  1C03               	btfss	3,0
   549  0177  29B5               	goto	l934
   550                           
   551                           ;main.c: 148: if(i == 0){
   552  0178  1283               	bcf	3,5	;RP0=0, select bank0
   553  0179  1303               	bcf	3,6	;RP1=0, select bank0
   554  017A  082D               	movf	main@i,w
   555  017B  042E               	iorwf	main@i+1,w
   556  017C  1D03               	btfss	3,2
   557  017D  2980               	goto	l904
   558                           
   559                           ;main.c: 151: PORTA = 0b10000000;
   560  017E  3080               	movlw	128
   561  017F  2993               	goto	L1
   562  0180                     l904:	
   563                           ;main.c: 154: }
   564                           
   565                           ;main.c: 153: lcd[i] = rch;
   566                           
   567                           ;main.c: 152: if(rch != '\0')
   568                           
   569                           
   570                           ;main.c: 155: else if(i == 1){
   571  0180  032D               	decf	main@i,w
   572  0181  042E               	iorwf	main@i+1,w
   573  0182  1D03               	btfss	3,2
   574  0183  2986               	goto	l912
   575                           
   576                           ;main.c: 156: PORTA = 0b01000000;
   577  0184  3040               	movlw	64
   578  0185  2993               	goto	L1
   579  0186                     l912:	
   580                           ;main.c: 159: }
   581                           
   582                           ;main.c: 158: lcd[i] = rch;
   583                           
   584                           ;main.c: 157: if(rch != '\0')
   585                           
   586                           
   587                           ;main.c: 160: else if(i == 2){
   588  0186  3002               	movlw	2
   589  0187  062D               	xorwf	main@i,w
   590  0188  042E               	iorwf	main@i+1,w
   591  0189  1D03               	btfss	3,2
   592  018A  298D               	goto	l920
   593                           
   594                           ;main.c: 161: PORTA = 0b00100000;
   595  018B  3020               	movlw	32
   596  018C  2993               	goto	L1
   597  018D                     l920:	
   598                           ;main.c: 164: }
   599                           
   600                           ;main.c: 163: lcd[i] = rch;
   601                           
   602                           ;main.c: 162: if(rch != '\0')
   603                           
   604                           
   605                           ;main.c: 165: else if(i == 3){
   606  018D  3003               	movlw	3
   607  018E  062D               	xorwf	main@i,w
   608  018F  042E               	iorwf	main@i+1,w
   609  0190  1D03               	btfss	3,2
   610  0191  29A0               	goto	l928
   611                           
   612                           ;main.c: 166: PORTA = 0b00001000;
   613  0192  3008               	movlw	8
   614  0193                     L1:	
   615  0193  0085               	movwf	5	;volatile
   616                           
   617                           ;main.c: 167: if(rch != '\0')
   618  0194  0831               	movf	_rch,w	;volatile
   619  0195  0432               	iorwf	_rch+1,w	;volatile
   620  0196  1903               	btfsc	3,2
   621  0197  29A0               	goto	l928
   622                           
   623                           ;main.c: 168: lcd[i] = rch;
   624  0198  0831               	movf	_rch,w	;volatile
   625  0199  00A4               	movwf	??_main
   626  019A  082D               	movf	main@i,w
   627  019B  3E26               	addlw	(low (main@lcd| 0))& (0+255)
   628  019C  0084               	movwf	4
   629  019D  0824               	movf	??_main,w
   630  019E  1383               	bcf	3,7	;select IRP bank0
   631  019F  0080               	movwf	0
   632  01A0                     l928:	
   633                           
   634                           ;main.c: 169: }
   635                           ;main.c: 171: PORTB = eeprom_read(lcd[i]- 0x30);
   636  01A0  082D               	movf	main@i,w
   637  01A1  3E26               	addlw	(low (main@lcd| 0))& (0+255)
   638  01A2  0084               	movwf	4
   639  01A3  1383               	bcf	3,7	;select IRP bank0
   640  01A4  0800               	movf	0,w
   641  01A5  3ED0               	addlw	208
   642  01A6  120A  118A  221C  120A  118A  	fcall	_eeprom_read
   643  01AB  1283               	bcf	3,5	;RP0=0, select bank0
   644  01AC  1303               	bcf	3,6	;RP1=0, select bank0
   645  01AD  0086               	movwf	6	;volatile
   646  01AE  3001               	movlw	1
   647  01AF  07AD               	addwf	main@i,f
   648  01B0  1803               	skipnc
   649  01B1  0AAE               	incf	main@i+1,f
   650  01B2  3000               	movlw	0
   651  01B3  07AE               	addwf	main@i+1,f
   652  01B4  296C               	goto	l932
   653  01B5                     l934:	
   654                           
   655                           ;main.c: 172: }
   656                           ;main.c: 173: }
   657                           ;main.c: 174: _delay((unsigned long)((5)*(20000000/4000.0)));
   658  01B5  3021               	movlw	33
   659  01B6  1283               	bcf	3,5	;RP0=0, select bank0
   660  01B7  1303               	bcf	3,6	;RP1=0, select bank0
   661  01B8  00A5               	movwf	??_main+1
   662  01B9  3075               	movlw	117
   663  01BA  00A4               	movwf	??_main
   664  01BB                     u467:	
   665  01BB  0BA4               	decfsz	??_main,f
   666  01BC  29BB               	goto	u467
   667  01BD  0BA5               	decfsz	??_main+1,f
   668  01BE  29BB               	goto	u467
   669  01BF  29C0               	nop2
   670  01C0  2942               	goto	l880
   671  01C1                     __end_of_main:	
   672                           
   673                           	psect	text1
   674  0299                     __ptext1:	
   675 ;; *************** function _t0_init *****************
   676 ;; Defined at:
   677 ;;		line 61 in file "main.c"
   678 ;; Parameters:    Size  Location     Type
   679 ;;		None
   680 ;; Auto vars:     Size  Location     Type
   681 ;;		None
   682 ;; Return value:  Size  Location     Type
   683 ;;                  1    wreg      void 
   684 ;; Registers used:
   685 ;;		wreg
   686 ;; Tracked objects:
   687 ;;		On entry : 0/0
   688 ;;		On exit  : 0/0
   689 ;;		Unchanged: 0/0
   690 ;; Data sizes:     COMMON   BANK0   BANK1   BANK3   BANK2
   691 ;;      Params:         0       0       0       0       0
   692 ;;      Locals:         0       0       0       0       0
   693 ;;      Temps:          0       0       0       0       0
   694 ;;      Totals:         0       0       0       0       0
   695 ;;Total ram usage:        0 bytes
   696 ;; Hardware stack levels used:    1
   697 ;; Hardware stack levels required when called:    3
   698 ;; This function calls:
   699 ;;		Nothing
   700 ;; This function is called by:
   701 ;;		_main
   702 ;; This function uses a non-reentrant model
   703 ;;
   704                           
   705                           
   706                           ;psect for function _t0_init
   707  0299                     _t0_init:	
   708                           
   709                           ;main.c: 62: T0CS = 0;
   710                           
   711                           ;incstack = 0
   712                           ; Regs used in _t0_init: [wreg]
   713  0299  1683               	bsf	3,5	;RP0=1, select bank1
   714  029A  1303               	bcf	3,6	;RP1=0, select bank1
   715  029B  1281               	bcf	1,5	;volatile
   716                           
   717                           ;main.c: 63: PSA = 0;
   718  029C  1181               	bcf	1,3	;volatile
   719                           
   720                           ;main.c: 64: PS0 = 1;
   721  029D  1401               	bsf	1,0	;volatile
   722                           
   723                           ;main.c: 65: PS1 = 1;
   724  029E  1481               	bsf	1,1	;volatile
   725                           
   726                           ;main.c: 66: PS2 = 1;
   727  029F  1501               	bsf	1,2	;volatile
   728                           
   729                           ;main.c: 67: TMR0 = 60;
   730  02A0  303C               	movlw	60
   731  02A1  1283               	bcf	3,5	;RP0=0, select bank0
   732  02A2  1303               	bcf	3,6	;RP1=0, select bank0
   733  02A3  0081               	movwf	1	;volatile
   734                           
   735                           ;main.c: 68: T0IE = 1;
   736  02A4  168B               	bsf	11,5	;volatile
   737  02A5  0008               	return
   738  02A6                     __end_of_t0_init:	
   739                           
   740                           	psect	text2
   741  027A                     __ptext2:	
   742 ;; *************** function _port_init *****************
   743 ;; Defined at:
   744 ;;		line 99 in file "main.c"
   745 ;; Parameters:    Size  Location     Type
   746 ;;		None
   747 ;; Auto vars:     Size  Location     Type
   748 ;;		None
   749 ;; Return value:  Size  Location     Type
   750 ;;                  1    wreg      void 
   751 ;; Registers used:
   752 ;;		wreg, status,2
   753 ;; Tracked objects:
   754 ;;		On entry : 0/0
   755 ;;		On exit  : 0/0
   756 ;;		Unchanged: 0/0
   757 ;; Data sizes:     COMMON   BANK0   BANK1   BANK3   BANK2
   758 ;;      Params:         0       0       0       0       0
   759 ;;      Locals:         0       0       0       0       0
   760 ;;      Temps:          0       0       0       0       0
   761 ;;      Totals:         0       0       0       0       0
   762 ;;Total ram usage:        0 bytes
   763 ;; Hardware stack levels used:    1
   764 ;; Hardware stack levels required when called:    3
   765 ;; This function calls:
   766 ;;		Nothing
   767 ;; This function is called by:
   768 ;;		_main
   769 ;; This function uses a non-reentrant model
   770 ;;
   771                           
   772                           
   773                           ;psect for function _port_init
   774  027A                     _port_init:	
   775                           
   776                           ;main.c: 100: TRISA = 0b00010111;
   777                           
   778                           ;incstack = 0
   779                           ; Regs used in _port_init: [wreg+status,2]
   780  027A  3017               	movlw	23
   781  027B  1683               	bsf	3,5	;RP0=1, select bank1
   782  027C  1303               	bcf	3,6	;RP1=0, select bank1
   783  027D  0085               	movwf	5	;volatile
   784                           
   785                           ;main.c: 101: PORTA = 0b10000000;
   786  027E  3080               	movlw	128
   787  027F  1283               	bcf	3,5	;RP0=0, select bank0
   788  0280  1303               	bcf	3,6	;RP1=0, select bank0
   789  0281  0085               	movwf	5	;volatile
   790                           
   791                           ;main.c: 102: TRISB = 0b10000000;
   792  0282  3080               	movlw	128
   793  0283  1683               	bsf	3,5	;RP0=1, select bank1
   794  0284  1303               	bcf	3,6	;RP1=0, select bank1
   795  0285  0086               	movwf	6	;volatile
   796                           
   797                           ;main.c: 103: PORTB = 0;
   798  0286  1283               	bcf	3,5	;RP0=0, select bank0
   799  0287  1303               	bcf	3,6	;RP1=0, select bank0
   800  0288  0186               	clrf	6	;volatile
   801  0289  0008               	return
   802  028A                     __end_of_port_init:	
   803                           
   804                           	psect	text3
   805  028A                     __ptext3:	
   806 ;; *************** function _io_init *****************
   807 ;; Defined at:
   808 ;;		line 17 in file "io.c"
   809 ;; Parameters:    Size  Location     Type
   810 ;;		None
   811 ;; Auto vars:     Size  Location     Type
   812 ;;		None
   813 ;; Return value:  Size  Location     Type
   814 ;;                  1    wreg      void 
   815 ;; Registers used:
   816 ;;		None
   817 ;; Tracked objects:
   818 ;;		On entry : 0/0
   819 ;;		On exit  : 0/0
   820 ;;		Unchanged: 0/0
   821 ;; Data sizes:     COMMON   BANK0   BANK1   BANK3   BANK2
   822 ;;      Params:         0       0       0       0       0
   823 ;;      Locals:         0       0       0       0       0
   824 ;;      Temps:          0       0       0       0       0
   825 ;;      Totals:         0       0       0       0       0
   826 ;;Total ram usage:        0 bytes
   827 ;; Hardware stack levels used:    1
   828 ;; Hardware stack levels required when called:    3
   829 ;; This function calls:
   830 ;;		Nothing
   831 ;; This function is called by:
   832 ;;		_main
   833 ;; This function uses a non-reentrant model
   834 ;;
   835                           
   836                           
   837                           ;psect for function _io_init
   838  028A                     _io_init:	
   839                           
   840                           ;io.c: 18: TRISB5 = 0;
   841                           
   842                           ;incstack = 0
   843                           ; Regs used in _io_init: []
   844  028A  1683               	bsf	3,5	;RP0=1, select bank1
   845  028B  1303               	bcf	3,6	;RP1=0, select bank1
   846  028C  1286               	bcf	6,5	;volatile
   847                           
   848                           ;io.c: 19: ANS13 = 0;
   849  028D  1683               	bsf	3,5	;RP0=1, select bank3
   850  028E  1703               	bsf	3,6	;RP1=1, select bank3
   851  028F  1289               	bcf	9,5	;volatile
   852                           
   853                           ;io.c: 20: TRISB7 = 0;
   854  0290  1683               	bsf	3,5	;RP0=1, select bank1
   855  0291  1303               	bcf	3,6	;RP1=0, select bank1
   856  0292  1386               	bcf	6,7	;volatile
   857                           
   858                           ;io.c: 21: TRISB6 = 1;
   859  0293  1706               	bsf	6,6	;volatile
   860                           
   861                           ;io.c: 22: nRBPU = 0;
   862  0294  1381               	bcf	1,7	;volatile
   863                           
   864                           ;io.c: 23: WPUB6 = 1;
   865  0295  1715               	bsf	21,6	;volatile
   866                           
   867                           ;io.c: 24: IOCB6 = 1;
   868  0296  1716               	bsf	22,6	;volatile
   869                           
   870                           ;io.c: 25: RBIE = 1;
   871  0297  158B               	bsf	11,3	;volatile
   872  0298  0008               	return
   873  0299                     __end_of_io_init:	
   874                           
   875                           	psect	text4
   876  0022                     __ptext4:	
   877 ;; *************** function _eeprom_wr_init *****************
   878 ;; Defined at:
   879 ;;		line 71 in file "main.c"
   880 ;; Parameters:    Size  Location     Type
   881 ;;		None
   882 ;; Auto vars:     Size  Location     Type
   883 ;;		None
   884 ;; Return value:  Size  Location     Type
   885 ;;                  1    wreg      void 
   886 ;; Registers used:
   887 ;;		wreg, status,2, status,0, pclath, cstack
   888 ;; Tracked objects:
   889 ;;		On entry : 0/0
   890 ;;		On exit  : 0/0
   891 ;;		Unchanged: 0/0
   892 ;; Data sizes:     COMMON   BANK0   BANK1   BANK3   BANK2
   893 ;;      Params:         0       0       0       0       0
   894 ;;      Locals:         0       0       0       0       0
   895 ;;      Temps:          0       1       0       0       0
   896 ;;      Totals:         0       1       0       0       0
   897 ;;Total ram usage:        1 bytes
   898 ;; Hardware stack levels used:    1
   899 ;; Hardware stack levels required when called:    4
   900 ;; This function calls:
   901 ;;		_eeprom_write
   902 ;; This function is called by:
   903 ;;		_main
   904 ;; This function uses a non-reentrant model
   905 ;;
   906                           
   907                           
   908                           ;psect for function _eeprom_wr_init
   909  0022                     _eeprom_wr_init:	
   910                           
   911                           ;main.c: 73: eeprom_write(0, 0b01111110);
   912                           
   913                           ;incstack = 0
   914                           ; Regs used in _eeprom_wr_init: [wreg+status,2+status,0+pclath+cstack]
   915  0022  307E               	movlw	126
   916  0023  1283               	bcf	3,5	;RP0=0, select bank0
   917  0024  1303               	bcf	3,6	;RP1=0, select bank0
   918  0025  00A3               	movwf	??_eeprom_wr_init
   919  0026  0823               	movf	??_eeprom_wr_init,w
   920  0027  00A0               	movwf	eeprom_write@value
   921  0028  3000               	movlw	0
   922  0029  120A  118A  21C1  120A  118A  	fcall	_eeprom_write
   923                           
   924                           ;main.c: 74: eeprom_write(1, 0b00110000);
   925  002E  3030               	movlw	48
   926  002F  1283               	bcf	3,5	;RP0=0, select bank0
   927  0030  1303               	bcf	3,6	;RP1=0, select bank0
   928  0031  00A3               	movwf	??_eeprom_wr_init
   929  0032  0823               	movf	??_eeprom_wr_init,w
   930  0033  00A0               	movwf	eeprom_write@value
   931  0034  3001               	movlw	1
   932  0035  120A  118A  21C1  120A  118A  	fcall	_eeprom_write
   933                           
   934                           ;main.c: 75: eeprom_write(2, 0b01101101);
   935  003A  306D               	movlw	109
   936  003B  1283               	bcf	3,5	;RP0=0, select bank0
   937  003C  1303               	bcf	3,6	;RP1=0, select bank0
   938  003D  00A3               	movwf	??_eeprom_wr_init
   939  003E  0823               	movf	??_eeprom_wr_init,w
   940  003F  00A0               	movwf	eeprom_write@value
   941  0040  3002               	movlw	2
   942  0041  120A  118A  21C1  120A  118A  	fcall	_eeprom_write
   943                           
   944                           ;main.c: 76: eeprom_write(3, 0b01111001);
   945  0046  3079               	movlw	121
   946  0047  1283               	bcf	3,5	;RP0=0, select bank0
   947  0048  1303               	bcf	3,6	;RP1=0, select bank0
   948  0049  00A3               	movwf	??_eeprom_wr_init
   949  004A  0823               	movf	??_eeprom_wr_init,w
   950  004B  00A0               	movwf	eeprom_write@value
   951  004C  3003               	movlw	3
   952  004D  120A  118A  21C1  120A  118A  	fcall	_eeprom_write
   953                           
   954                           ;main.c: 77: eeprom_write(4, 0b00110011);
   955  0052  3033               	movlw	51
   956  0053  1283               	bcf	3,5	;RP0=0, select bank0
   957  0054  1303               	bcf	3,6	;RP1=0, select bank0
   958  0055  00A3               	movwf	??_eeprom_wr_init
   959  0056  0823               	movf	??_eeprom_wr_init,w
   960  0057  00A0               	movwf	eeprom_write@value
   961  0058  3004               	movlw	4
   962  0059  120A  118A  21C1  120A  118A  	fcall	_eeprom_write
   963                           
   964                           ;main.c: 78: eeprom_write(5, 0b01011011);
   965  005E  305B               	movlw	91
   966  005F  1283               	bcf	3,5	;RP0=0, select bank0
   967  0060  1303               	bcf	3,6	;RP1=0, select bank0
   968  0061  00A3               	movwf	??_eeprom_wr_init
   969  0062  0823               	movf	??_eeprom_wr_init,w
   970  0063  00A0               	movwf	eeprom_write@value
   971  0064  3005               	movlw	5
   972  0065  120A  118A  21C1  120A  118A  	fcall	_eeprom_write
   973                           
   974                           ;main.c: 79: eeprom_write(6, 0b01011111);
   975  006A  305F               	movlw	95
   976  006B  1283               	bcf	3,5	;RP0=0, select bank0
   977  006C  1303               	bcf	3,6	;RP1=0, select bank0
   978  006D  00A3               	movwf	??_eeprom_wr_init
   979  006E  0823               	movf	??_eeprom_wr_init,w
   980  006F  00A0               	movwf	eeprom_write@value
   981  0070  3006               	movlw	6
   982  0071  120A  118A  21C1  120A  118A  	fcall	_eeprom_write
   983                           
   984                           ;main.c: 80: eeprom_write(7, 0b01110000);
   985  0076  3070               	movlw	112
   986  0077  1283               	bcf	3,5	;RP0=0, select bank0
   987  0078  1303               	bcf	3,6	;RP1=0, select bank0
   988  0079  00A3               	movwf	??_eeprom_wr_init
   989  007A  0823               	movf	??_eeprom_wr_init,w
   990  007B  00A0               	movwf	eeprom_write@value
   991  007C  3007               	movlw	7
   992  007D  120A  118A  21C1  120A  118A  	fcall	_eeprom_write
   993                           
   994                           ;main.c: 81: eeprom_write(8, 0b01111111);
   995  0082  307F               	movlw	127
   996  0083  1283               	bcf	3,5	;RP0=0, select bank0
   997  0084  1303               	bcf	3,6	;RP1=0, select bank0
   998  0085  00A3               	movwf	??_eeprom_wr_init
   999  0086  0823               	movf	??_eeprom_wr_init,w
  1000  0087  00A0               	movwf	eeprom_write@value
  1001  0088  3008               	movlw	8
  1002  0089  120A  118A  21C1  120A  118A  	fcall	_eeprom_write
  1003                           
  1004                           ;main.c: 82: eeprom_write(9, 0b01110011);
  1005  008E  3073               	movlw	115
  1006  008F  1283               	bcf	3,5	;RP0=0, select bank0
  1007  0090  1303               	bcf	3,6	;RP1=0, select bank0
  1008  0091  00A3               	movwf	??_eeprom_wr_init
  1009  0092  0823               	movf	??_eeprom_wr_init,w
  1010  0093  00A0               	movwf	eeprom_write@value
  1011  0094  3009               	movlw	9
  1012  0095  120A  118A  21C1  120A  118A  	fcall	_eeprom_write
  1013                           
  1014                           ;main.c: 85: eeprom_write(0x3e, '1');
  1015  009A  3031               	movlw	49
  1016  009B  1283               	bcf	3,5	;RP0=0, select bank0
  1017  009C  1303               	bcf	3,6	;RP1=0, select bank0
  1018  009D  00A3               	movwf	??_eeprom_wr_init
  1019  009E  0823               	movf	??_eeprom_wr_init,w
  1020  009F  00A0               	movwf	eeprom_write@value
  1021  00A0  303E               	movlw	62
  1022  00A1  120A  118A  21C1  120A  118A  	fcall	_eeprom_write
  1023                           
  1024                           ;main.c: 86: eeprom_write(0x5e, '2');
  1025  00A6  3032               	movlw	50
  1026  00A7  1283               	bcf	3,5	;RP0=0, select bank0
  1027  00A8  1303               	bcf	3,6	;RP1=0, select bank0
  1028  00A9  00A3               	movwf	??_eeprom_wr_init
  1029  00AA  0823               	movf	??_eeprom_wr_init,w
  1030  00AB  00A0               	movwf	eeprom_write@value
  1031  00AC  305E               	movlw	94
  1032  00AD  120A  118A  21C1  120A  118A  	fcall	_eeprom_write
  1033                           
  1034                           ;main.c: 87: eeprom_write(0x6e, '3');
  1035  00B2  3033               	movlw	51
  1036  00B3  1283               	bcf	3,5	;RP0=0, select bank0
  1037  00B4  1303               	bcf	3,6	;RP1=0, select bank0
  1038  00B5  00A3               	movwf	??_eeprom_wr_init
  1039  00B6  0823               	movf	??_eeprom_wr_init,w
  1040  00B7  00A0               	movwf	eeprom_write@value
  1041  00B8  306E               	movlw	110
  1042  00B9  120A  118A  21C1  120A  118A  	fcall	_eeprom_write
  1043                           
  1044                           ;main.c: 88: eeprom_write(0x3d, '4');
  1045  00BE  3034               	movlw	52
  1046  00BF  1283               	bcf	3,5	;RP0=0, select bank0
  1047  00C0  1303               	bcf	3,6	;RP1=0, select bank0
  1048  00C1  00A3               	movwf	??_eeprom_wr_init
  1049  00C2  0823               	movf	??_eeprom_wr_init,w
  1050  00C3  00A0               	movwf	eeprom_write@value
  1051  00C4  303D               	movlw	61
  1052  00C5  120A  118A  21C1  120A  118A  	fcall	_eeprom_write
  1053                           
  1054                           ;main.c: 89: eeprom_write(0x5d, '5');
  1055  00CA  3035               	movlw	53
  1056  00CB  1283               	bcf	3,5	;RP0=0, select bank0
  1057  00CC  1303               	bcf	3,6	;RP1=0, select bank0
  1058  00CD  00A3               	movwf	??_eeprom_wr_init
  1059  00CE  0823               	movf	??_eeprom_wr_init,w
  1060  00CF  00A0               	movwf	eeprom_write@value
  1061  00D0  305D               	movlw	93
  1062  00D1  120A  118A  21C1  120A  118A  	fcall	_eeprom_write
  1063                           
  1064                           ;main.c: 90: eeprom_write(0x6d, '6');
  1065  00D6  3036               	movlw	54
  1066  00D7  1283               	bcf	3,5	;RP0=0, select bank0
  1067  00D8  1303               	bcf	3,6	;RP1=0, select bank0
  1068  00D9  00A3               	movwf	??_eeprom_wr_init
  1069  00DA  0823               	movf	??_eeprom_wr_init,w
  1070  00DB  00A0               	movwf	eeprom_write@value
  1071  00DC  306D               	movlw	109
  1072  00DD  120A  118A  21C1  120A  118A  	fcall	_eeprom_write
  1073                           
  1074                           ;main.c: 91: eeprom_write(0x3b, '7');
  1075  00E2  3037               	movlw	55
  1076  00E3  1283               	bcf	3,5	;RP0=0, select bank0
  1077  00E4  1303               	bcf	3,6	;RP1=0, select bank0
  1078  00E5  00A3               	movwf	??_eeprom_wr_init
  1079  00E6  0823               	movf	??_eeprom_wr_init,w
  1080  00E7  00A0               	movwf	eeprom_write@value
  1081  00E8  303B               	movlw	59
  1082  00E9  120A  118A  21C1  120A  118A  	fcall	_eeprom_write
  1083                           
  1084                           ;main.c: 92: eeprom_write(0x5b, '8');
  1085  00EE  3038               	movlw	56
  1086  00EF  1283               	bcf	3,5	;RP0=0, select bank0
  1087  00F0  1303               	bcf	3,6	;RP1=0, select bank0
  1088  00F1  00A3               	movwf	??_eeprom_wr_init
  1089  00F2  0823               	movf	??_eeprom_wr_init,w
  1090  00F3  00A0               	movwf	eeprom_write@value
  1091  00F4  305B               	movlw	91
  1092  00F5  120A  118A  21C1  120A  118A  	fcall	_eeprom_write
  1093                           
  1094                           ;main.c: 93: eeprom_write(0x6b, '9');
  1095  00FA  3039               	movlw	57
  1096  00FB  1283               	bcf	3,5	;RP0=0, select bank0
  1097  00FC  1303               	bcf	3,6	;RP1=0, select bank0
  1098  00FD  00A3               	movwf	??_eeprom_wr_init
  1099  00FE  0823               	movf	??_eeprom_wr_init,w
  1100  00FF  00A0               	movwf	eeprom_write@value
  1101  0100  306B               	movlw	107
  1102  0101  120A  118A  21C1  120A  118A  	fcall	_eeprom_write
  1103                           
  1104                           ;main.c: 94: eeprom_write(0x37, '*');
  1105  0106  302A               	movlw	42
  1106  0107  1283               	bcf	3,5	;RP0=0, select bank0
  1107  0108  1303               	bcf	3,6	;RP1=0, select bank0
  1108  0109  00A3               	movwf	??_eeprom_wr_init
  1109  010A  0823               	movf	??_eeprom_wr_init,w
  1110  010B  00A0               	movwf	eeprom_write@value
  1111  010C  3037               	movlw	55
  1112  010D  120A  118A  21C1  120A  118A  	fcall	_eeprom_write
  1113                           
  1114                           ;main.c: 95: eeprom_write(0x57, '0');
  1115  0112  3030               	movlw	48
  1116  0113  1283               	bcf	3,5	;RP0=0, select bank0
  1117  0114  1303               	bcf	3,6	;RP1=0, select bank0
  1118  0115  00A3               	movwf	??_eeprom_wr_init
  1119  0116  0823               	movf	??_eeprom_wr_init,w
  1120  0117  00A0               	movwf	eeprom_write@value
  1121  0118  3057               	movlw	87
  1122  0119  120A  118A  21C1  120A  118A  	fcall	_eeprom_write
  1123                           
  1124                           ;main.c: 96: eeprom_write(0x67, '#');
  1125  011E  3023               	movlw	35
  1126  011F  1283               	bcf	3,5	;RP0=0, select bank0
  1127  0120  1303               	bcf	3,6	;RP1=0, select bank0
  1128  0121  00A3               	movwf	??_eeprom_wr_init
  1129  0122  0823               	movf	??_eeprom_wr_init,w
  1130  0123  00A0               	movwf	eeprom_write@value
  1131  0124  3067               	movlw	103
  1132  0125  120A  118A  21C1   	fcall	_eeprom_write
  1133  0128  0008               	return
  1134  0129                     __end_of_eeprom_wr_init:	
  1135                           
  1136                           	psect	text5
  1137  01C1                     __ptext5:	
  1138 ;; *************** function _eeprom_write *****************
  1139 ;; Defined at:
  1140 ;;		line 6 in file "C:\Program Files (x86)\Microchip\xc8\v1.45\sources\pic\eewrite.c"
  1141 ;; Parameters:    Size  Location     Type
  1142 ;;  addr            1    wreg     unsigned char 
  1143 ;;  value           1    0[BANK0 ] unsigned char 
  1144 ;; Auto vars:     Size  Location     Type
  1145 ;;  addr            1    2[BANK0 ] unsigned char 
  1146 ;; Return value:  Size  Location     Type
  1147 ;;                  1    wreg      void 
  1148 ;; Registers used:
  1149 ;;		wreg, status,2, status,0
  1150 ;; Tracked objects:
  1151 ;;		On entry : 0/0
  1152 ;;		On exit  : 0/0
  1153 ;;		Unchanged: 0/0
  1154 ;; Data sizes:     COMMON   BANK0   BANK1   BANK3   BANK2
  1155 ;;      Params:         0       1       0       0       0
  1156 ;;      Locals:         0       1       0       0       0
  1157 ;;      Temps:          0       1       0       0       0
  1158 ;;      Totals:         0       3       0       0       0
  1159 ;;Total ram usage:        3 bytes
  1160 ;; Hardware stack levels used:    1
  1161 ;; Hardware stack levels required when called:    3
  1162 ;; This function calls:
  1163 ;;		Nothing
  1164 ;; This function is called by:
  1165 ;;		_eeprom_wr_init
  1166 ;; This function uses a non-reentrant model
  1167 ;;
  1168                           
  1169                           
  1170                           ;psect for function _eeprom_write
  1171  01C1                     _eeprom_write:	
  1172                           
  1173                           ;incstack = 0
  1174                           ; Regs used in _eeprom_write: [wreg+status,2+status,0]
  1175                           ;eeprom_write@addr stored from wreg
  1176  01C1  1283               	bcf	3,5	;RP0=0, select bank0
  1177  01C2  1303               	bcf	3,6	;RP1=0, select bank0
  1178  01C3  00A2               	movwf	eeprom_write@addr
  1179  01C4                     l180:	
  1180  01C4  1683               	bsf	3,5	;RP0=1, select bank3
  1181  01C5  1703               	bsf	3,6	;RP1=1, select bank3
  1182  01C6  188C               	btfsc	12,1	;volsfr
  1183  01C7  29C4               	goto	l180
  1184  01C8  1283               	bcf	3,5	;RP0=0, select bank0
  1185  01C9  1303               	bcf	3,6	;RP1=0, select bank0
  1186  01CA  0822               	movf	eeprom_write@addr,w
  1187  01CB  1283               	bcf	3,5	;RP0=0, select bank2
  1188  01CC  1703               	bsf	3,6	;RP1=1, select bank2
  1189  01CD  008D               	movwf	13	;volatile
  1190  01CE  1283               	bcf	3,5	;RP0=0, select bank0
  1191  01CF  1303               	bcf	3,6	;RP1=0, select bank0
  1192  01D0  0820               	movf	eeprom_write@value,w
  1193  01D1  1283               	bcf	3,5	;RP0=0, select bank2
  1194  01D2  1703               	bsf	3,6	;RP1=1, select bank2
  1195  01D3  008C               	movwf	12	;volatile
  1196  01D4  303F               	movlw	63
  1197  01D5  1283               	bcf	3,5	;RP0=0, select bank0
  1198  01D6  1303               	bcf	3,6	;RP1=0, select bank0
  1199  01D7  00A1               	movwf	??_eeprom_write
  1200  01D8  0821               	movf	??_eeprom_write,w
  1201  01D9  1683               	bsf	3,5	;RP0=1, select bank3
  1202  01DA  1703               	bsf	3,6	;RP1=1, select bank3
  1203  01DB  058C               	andwf	12,f	;volsfr
  1204  01DC  1283               	bcf	3,5	;RP0=0, select bank0
  1205  01DD  1303               	bcf	3,6	;RP1=0, select bank0
  1206  01DE  1003               	bcf	3,0	;volatile
  1207  01DF  1B8B               	btfsc	11,7	;volatile
  1208  01E0  1403               	bsf	3,0	;volatile
  1209  01E1  138B               	bcf	11,7	;volatile
  1210  01E2  1683               	bsf	3,5	;RP0=1, select bank3
  1211  01E3  1703               	bsf	3,6	;RP1=1, select bank3
  1212  01E4  150C               	bsf	12,2	;volsfr
  1213  01E5  3055               	movlw	85
  1214  01E6  008D               	movwf	13	;volsfr
  1215  01E7  30AA               	movlw	170
  1216  01E8  008D               	movwf	13	;volsfr
  1217  01E9  148C               	bsf	12,1	;volsfr
  1218  01EA  110C               	bcf	12,2	;volsfr
  1219  01EB  1283               	bcf	3,5	;RP0=0, select bank0
  1220  01EC  1303               	bcf	3,6	;RP1=0, select bank0
  1221  01ED  1C03               	btfss	3,0	;volatile
  1222  01EE  0008               	return
  1223  01EF  178B               	bsf	11,7	;volatile
  1224  01F0  0008               	return
  1225  01F1                     __end_of_eeprom_write:	
  1226                           
  1227                           	psect	text6
  1228  021C                     __ptext6:	
  1229 ;; *************** function _eeprom_read *****************
  1230 ;; Defined at:
  1231 ;;		line 6 in file "C:\Program Files (x86)\Microchip\xc8\v1.45\sources\pic\eeread.c"
  1232 ;; Parameters:    Size  Location     Type
  1233 ;;  addr            1    wreg     unsigned char 
  1234 ;; Auto vars:     Size  Location     Type
  1235 ;;  addr            1    1[BANK0 ] unsigned char 
  1236 ;; Return value:  Size  Location     Type
  1237 ;;                  1    wreg      unsigned char 
  1238 ;; Registers used:
  1239 ;;		wreg, status,2, status,0
  1240 ;; Tracked objects:
  1241 ;;		On entry : 0/0
  1242 ;;		On exit  : 0/0
  1243 ;;		Unchanged: 0/0
  1244 ;; Data sizes:     COMMON   BANK0   BANK1   BANK3   BANK2
  1245 ;;      Params:         0       0       0       0       0
  1246 ;;      Locals:         0       1       0       0       0
  1247 ;;      Temps:          0       1       0       0       0
  1248 ;;      Totals:         0       2       0       0       0
  1249 ;;Total ram usage:        2 bytes
  1250 ;; Hardware stack levels used:    1
  1251 ;; Hardware stack levels required when called:    3
  1252 ;; This function calls:
  1253 ;;		Nothing
  1254 ;; This function is called by:
  1255 ;;		_main
  1256 ;; This function uses a non-reentrant model
  1257 ;;
  1258                           
  1259                           
  1260                           ;psect for function _eeprom_read
  1261  021C                     _eeprom_read:	
  1262                           
  1263                           ;incstack = 0
  1264                           ; Regs used in _eeprom_read: [wreg+status,2+status,0]
  1265                           ;eeprom_read@addr stored from wreg
  1266  021C  1283               	bcf	3,5	;RP0=0, select bank0
  1267  021D  1303               	bcf	3,6	;RP1=0, select bank0
  1268  021E  00A1               	movwf	eeprom_read@addr
  1269  021F  2A22               	goto	l158
  1270  0220                     u301:	
  1271  0220  1283               	bcf	3,5	;RP0=0, select bank0
  1272  0221  1303               	bcf	3,6	;RP1=0, select bank0
  1273  0222                     l158:	
  1274  0222  0064               	clrwdt	;# 
  1275  0223  1683               	bsf	3,5	;RP0=1, select bank3
  1276  0224  1703               	bsf	3,6	;RP1=1, select bank3
  1277  0225  188C               	btfsc	12,1	;volsfr
  1278  0226  2A20               	goto	u301
  1279  0227  1283               	bcf	3,5	;RP0=0, select bank0
  1280  0228  1303               	bcf	3,6	;RP1=0, select bank0
  1281  0229  0821               	movf	eeprom_read@addr,w
  1282  022A  1283               	bcf	3,5	;RP0=0, select bank2
  1283  022B  1703               	bsf	3,6	;RP1=1, select bank2
  1284  022C  008D               	movwf	13	;volatile
  1285  022D  303F               	movlw	63
  1286  022E  1283               	bcf	3,5	;RP0=0, select bank0
  1287  022F  1303               	bcf	3,6	;RP1=0, select bank0
  1288  0230  00A0               	movwf	??_eeprom_read
  1289  0231  0820               	movf	??_eeprom_read,w
  1290  0232  1683               	bsf	3,5	;RP0=1, select bank3
  1291  0233  1703               	bsf	3,6	;RP1=1, select bank3
  1292  0234  058C               	andwf	12,f	;volsfr
  1293  0235  140C               	bsf	12,0	;volsfr
  1294  0236  1003               	clrc
  1295  0237  180C               	btfsc	12,0	;volsfr
  1296  0238  1403               	setc
  1297  0239  3000               	movlw	0
  1298  023A  1803               	skipnc
  1299  023B  3001               	movlw	1
  1300  023C  1283               	bcf	3,5	;RP0=0, select bank2
  1301  023D  1703               	bsf	3,6	;RP1=1, select bank2
  1302  023E  080C               	movf	12,w	;volatile
  1303  023F  0008               	return
  1304  0240                     __end_of_eeprom_read:	
  1305                           
  1306                           	psect	text7
  1307  01F1                     __ptext7:	
  1308 ;; *************** function _isr *****************
  1309 ;; Defined at:
  1310 ;;		line 42 in file "main.c"
  1311 ;; Parameters:    Size  Location     Type
  1312 ;;		None
  1313 ;; Auto vars:     Size  Location     Type
  1314 ;;		None
  1315 ;; Return value:  Size  Location     Type
  1316 ;;                  1    wreg      void 
  1317 ;; Registers used:
  1318 ;;		wreg, status,2, status,0, pclath, cstack
  1319 ;; Tracked objects:
  1320 ;;		On entry : 0/0
  1321 ;;		On exit  : 0/0
  1322 ;;		Unchanged: 0/0
  1323 ;; Data sizes:     COMMON   BANK0   BANK1   BANK3   BANK2
  1324 ;;      Params:         0       0       0       0       0
  1325 ;;      Locals:         0       0       0       0       0
  1326 ;;      Temps:          4       0       0       0       0
  1327 ;;      Totals:         4       0       0       0       0
  1328 ;;Total ram usage:        4 bytes
  1329 ;; Hardware stack levels used:    1
  1330 ;; Hardware stack levels required when called:    2
  1331 ;; This function calls:
  1332 ;;		_key_read
  1333 ;; This function is called by:
  1334 ;;		Interrupt level 1
  1335 ;; This function uses a non-reentrant model
  1336 ;;
  1337                           
  1338                           
  1339                           ;psect for function _isr
  1340  01F1                     _isr:	
  1341                           
  1342                           ;main.c: 45: if (T0IE && T0IF) {
  1343  01F1  1A8B               	btfsc	11,5	;volatile
  1344  01F2  1D0B               	btfss	11,2	;volatile
  1345  01F3  2A11               	goto	i1l54
  1346                           
  1347                           ;main.c: 47: rch = key_read();
  1348  01F4  120A  118A  2240  120A  118A  	fcall	_key_read
  1349  01F9  0873               	movf	?_key_read+1,w
  1350  01FA  1283               	bcf	3,5	;RP0=0, select bank0
  1351  01FB  1303               	bcf	3,6	;RP1=0, select bank0
  1352  01FC  00B2               	movwf	_rch+1	;volatile
  1353  01FD  0872               	movf	?_key_read,w
  1354  01FE  00B1               	movwf	_rch	;volatile
  1355                           
  1356                           ;main.c: 49: if(rch != antigo)
  1357  01FF  0830               	movf	_antigo+1,w	;volatile
  1358  0200  0632               	xorwf	_rch+1,w	;volatile
  1359  0201  1D03               	skipz
  1360  0202  2A05               	goto	u33_25
  1361  0203  082F               	movf	_antigo,w	;volatile
  1362  0204  0631               	xorwf	_rch,w	;volatile
  1363  0205                     u33_25:	
  1364  0205  1903               	skipnz
  1365  0206  2A0C               	goto	i1l862
  1366                           
  1367                           ;main.c: 50: antigo = rch;
  1368  0207  0832               	movf	_rch+1,w	;volatile
  1369  0208  00B0               	movwf	_antigo+1	;volatile
  1370  0209  0831               	movf	_rch,w	;volatile
  1371  020A  00AF               	movwf	_antigo	;volatile
  1372  020B  2A0E               	goto	i1l864
  1373  020C                     i1l862:	
  1374                           
  1375                           ;main.c: 51: else
  1376                           ;main.c: 52: rch = '\0';
  1377  020C  01B1               	clrf	_rch	;volatile
  1378  020D  01B2               	clrf	_rch+1	;volatile
  1379  020E                     i1l864:	
  1380                           
  1381                           ;main.c: 53: TMR0 = 60;
  1382  020E  303C               	movlw	60
  1383  020F  0081               	movwf	1	;volatile
  1384                           
  1385                           ;main.c: 54: T0IF = 0;
  1386  0210  110B               	bcf	11,2	;volatile
  1387  0211                     i1l54:	
  1388  0211  087B               	movf	??_isr+3,w
  1389  0212  00FF               	movwf	127
  1390  0213  087A               	movf	??_isr+2,w
  1391  0214  008A               	movwf	10
  1392  0215  0879               	movf	??_isr+1,w
  1393  0216  0084               	movwf	4
  1394  0217  0E78               	swapf	??_isr^(0+-128),w
  1395  0218  0083               	movwf	3
  1396  0219  0EFE               	swapf	126,f
  1397  021A  0E7E               	swapf	126,w
  1398  021B  0009               	retfie
  1399  021C                     __end_of_isr:	
  1400                           
  1401                           	psect	intentry
  1402  0004                     __pintentry:	
  1403                           ;incstack = 0
  1404                           ; Regs used in _isr: [wreg+status,2+status,0+pclath+cstack]
  1405                           
  1406  0004                     interrupt_function:	
  1407  007E                     saved_w	set	btemp
  1408  0004  00FE               	movwf	btemp
  1409  0005  0E03               	swapf	3,w
  1410  0006  00F8               	movwf	??_isr
  1411  0007  0804               	movf	4,w
  1412  0008  00F9               	movwf	??_isr+1
  1413  0009  080A               	movf	10,w
  1414  000A  00FA               	movwf	??_isr+2
  1415  000B  1283               	bcf	3,5	;RP0=0, select bank0
  1416  000C  1303               	bcf	3,6	;RP1=0, select bank0
  1417  000D  087F               	movf	btemp+1,w
  1418  000E  00FB               	movwf	??_isr+3
  1419  000F  120A  118A  29F1   	ljmp	_isr
  1420                           
  1421                           	psect	text8
  1422  0240                     __ptext8:	
  1423 ;; *************** function _key_read *****************
  1424 ;; Defined at:
  1425 ;;		line 106 in file "main.c"
  1426 ;; Parameters:    Size  Location     Type
  1427 ;;		None
  1428 ;; Auto vars:     Size  Location     Type
  1429 ;;  temp1           2    6[COMMON] int 
  1430 ;; Return value:  Size  Location     Type
  1431 ;;                  2    2[COMMON] int 
  1432 ;; Registers used:
  1433 ;;		wreg, status,2, status,0, pclath, cstack
  1434 ;; Tracked objects:
  1435 ;;		On entry : 0/0
  1436 ;;		On exit  : 0/0
  1437 ;;		Unchanged: 0/0
  1438 ;; Data sizes:     COMMON   BANK0   BANK1   BANK3   BANK2
  1439 ;;      Params:         2       0       0       0       0
  1440 ;;      Locals:         2       0       0       0       0
  1441 ;;      Temps:          2       0       0       0       0
  1442 ;;      Totals:         6       0       0       0       0
  1443 ;;Total ram usage:        6 bytes
  1444 ;; Hardware stack levels used:    1
  1445 ;; Hardware stack levels required when called:    1
  1446 ;; This function calls:
  1447 ;;		i1_eeprom_read
  1448 ;; This function is called by:
  1449 ;;		_isr
  1450 ;; This function uses a non-reentrant model
  1451 ;;
  1452                           
  1453                           
  1454                           ;psect for function _key_read
  1455  0240                     _key_read:	
  1456                           
  1457                           ;main.c: 108: TRISC = 0b11110000;
  1458                           
  1459                           ;incstack = 0
  1460                           ; Regs used in _key_read: [wreg+status,2+status,0+pclath+cstack]
  1461  0240  30F0               	movlw	240
  1462  0241  1683               	bsf	3,5	;RP0=1, select bank1
  1463  0242  1303               	bcf	3,6	;RP1=0, select bank1
  1464  0243  0087               	movwf	7	;volatile
  1465                           
  1466                           ;main.c: 109: int temp1 = PORTC;
  1467  0244  1283               	bcf	3,5	;RP0=0, select bank0
  1468  0245  1303               	bcf	3,6	;RP1=0, select bank0
  1469  0246  0807               	movf	7,w	;volatile
  1470  0247  00F4               	movwf	??_key_read
  1471  0248  01F5               	clrf	??_key_read+1
  1472  0249  0874               	movf	??_key_read,w
  1473  024A  00F6               	movwf	key_read@temp1
  1474  024B  0875               	movf	??_key_read+1,w
  1475  024C  00F7               	movwf	key_read@temp1+1
  1476                           
  1477                           ;main.c: 110: TRISC = 0b10001111;
  1478  024D  308F               	movlw	143
  1479  024E  1683               	bsf	3,5	;RP0=1, select bank1
  1480  024F  1303               	bcf	3,6	;RP1=0, select bank1
  1481  0250  0087               	movwf	7	;volatile
  1482                           
  1483                           ;main.c: 111: return eeprom_read(temp1|PORTC);
  1484  0251  1283               	bcf	3,5	;RP0=0, select bank0
  1485  0252  1303               	bcf	3,6	;RP1=0, select bank0
  1486  0253  0807               	movf	7,w	;volatile
  1487  0254  0476               	iorwf	key_read@temp1,w
  1488  0255  120A  118A  225F   	fcall	i1_eeprom_read
  1489  0258  00F4               	movwf	??_key_read
  1490  0259  01F5               	clrf	??_key_read+1
  1491  025A  0874               	movf	??_key_read,w
  1492  025B  00F2               	movwf	?_key_read
  1493  025C  0875               	movf	??_key_read+1,w
  1494  025D  00F3               	movwf	?_key_read+1
  1495  025E  0008               	return
  1496  025F                     __end_of_key_read:	
  1497                           
  1498                           	psect	text9
  1499  025F                     __ptext9:	
  1500 ;; *************** function i1_eeprom_read *****************
  1501 ;; Defined at:
  1502 ;;		line 6 in file "C:\Program Files (x86)\Microchip\xc8\v1.45\sources\pic\eeread.c"
  1503 ;; Parameters:    Size  Location     Type
  1504 ;;  addr            1    wreg     unsigned char 
  1505 ;; Auto vars:     Size  Location     Type
  1506 ;;  addr            1    1[COMMON] unsigned char 
  1507 ;; Return value:  Size  Location     Type
  1508 ;;                  1    wreg      unsigned char 
  1509 ;; Registers used:
  1510 ;;		wreg, status,2, status,0
  1511 ;; Tracked objects:
  1512 ;;		On entry : 0/0
  1513 ;;		On exit  : 0/0
  1514 ;;		Unchanged: 0/0
  1515 ;; Data sizes:     COMMON   BANK0   BANK1   BANK3   BANK2
  1516 ;;      Params:         0       0       0       0       0
  1517 ;;      Locals:         1       0       0       0       0
  1518 ;;      Temps:          1       0       0       0       0
  1519 ;;      Totals:         2       0       0       0       0
  1520 ;;Total ram usage:        2 bytes
  1521 ;; Hardware stack levels used:    1
  1522 ;; This function calls:
  1523 ;;		Nothing
  1524 ;; This function is called by:
  1525 ;;		_key_read
  1526 ;; This function uses a non-reentrant model
  1527 ;;
  1528                           
  1529                           
  1530                           ;psect for function i1_eeprom_read
  1531  025F                     i1_eeprom_read:	
  1532                           
  1533                           ;incstack = 0
  1534                           ; Regs used in i1_eeprom_read: [wreg+status,2+status,0]
  1535                           ;i1eeprom_read@addr stored from wreg
  1536  025F  00F1               	movwf	i1eeprom_read@addr
  1537  0260                     i1l158:	
  1538  0260  0064               	clrwdt	;# 
  1539  0261  1683               	bsf	3,5	;RP0=1, select bank3
  1540  0262  1703               	bsf	3,6	;RP1=1, select bank3
  1541  0263  188C               	btfsc	12,1	;volsfr
  1542  0264  2A60               	goto	i1l158
  1543  0265  0871               	movf	i1eeprom_read@addr,w
  1544  0266  1283               	bcf	3,5	;RP0=0, select bank2
  1545  0267  1703               	bsf	3,6	;RP1=1, select bank2
  1546  0268  008D               	movwf	13	;volatile
  1547  0269  303F               	movlw	63
  1548  026A  00F0               	movwf	??i1_eeprom_read
  1549  026B  0870               	movf	??i1_eeprom_read,w
  1550  026C  1683               	bsf	3,5	;RP0=1, select bank3
  1551  026D  1703               	bsf	3,6	;RP1=1, select bank3
  1552  026E  058C               	andwf	12,f	;volsfr
  1553  026F  140C               	bsf	12,0	;volsfr
  1554  0270  1003               	clrc
  1555  0271  180C               	btfsc	12,0	;volsfr
  1556  0272  1403               	setc
  1557  0273  3000               	movlw	0
  1558  0274  1803               	skipnc
  1559  0275  3001               	movlw	1
  1560  0276  1283               	bcf	3,5	;RP0=0, select bank2
  1561  0277  1703               	bsf	3,6	;RP1=1, select bank2
  1562  0278  080C               	movf	12,w	;volatile
  1563  0279  0008               	return
  1564  027A                     __end_ofi1_eeprom_read:	
  1565  007E                     btemp	set	126	;btemp
  1566  007E                     wtemp0	set	126


Data Sizes:
    Strings     0
    Constant    0
    Data        1
    BSS         4
    Persistent  0
    Stack       0

Auto Spaces:
    Space          Size  Autos    Used
    COMMON           14     12      14
    BANK0            80     15      19
    BANK1            80      0       0
    BANK3            96      0       0
    BANK2            96      0       0

Pointer List with Targets:

    None.

Critical Paths under _main in COMMON

    None.

Critical Paths under _isr in COMMON

    _isr->_key_read
    _key_read->i1_eeprom_read

Critical Paths under _main in BANK0

    _main->_eeprom_wr_init
    _eeprom_wr_init->_eeprom_write

Critical Paths under _isr in BANK0

    None.

Critical Paths under _main in BANK1

    None.

Critical Paths under _isr in BANK1

    None.

Critical Paths under _main in BANK3

    None.

Critical Paths under _isr in BANK3

    None.

Critical Paths under _main in BANK2

    None.

Critical Paths under _isr in BANK2

    None.

Call Graph Tables:

 ---------------------------------------------------------------------------------
 (Depth) Function   	        Calls       Base Space   Used Autos Params    Refs
 ---------------------------------------------------------------------------------
 (0) _main                                                11    11      0    1621
                                              4 BANK0     11    11      0
                        _eeprom_read
                     _eeprom_wr_init
                            _io_init
                          _port_init
                            _t0_init
 ---------------------------------------------------------------------------------
 (1) _t0_init                                              0     0      0       0
 ---------------------------------------------------------------------------------
 (1) _port_init                                            0     0      0       0
 ---------------------------------------------------------------------------------
 (1) _io_init                                              0     0      0       0
 ---------------------------------------------------------------------------------
 (1) _eeprom_wr_init                                       1     1      0    1210
                                              3 BANK0      1     1      0
                       _eeprom_write
 ---------------------------------------------------------------------------------
 (2) _eeprom_write                                         3     2      1    1210
                                              0 BANK0      3     2      1
 ---------------------------------------------------------------------------------
 (1) _eeprom_read                                          2     2      0      22
                                              0 BANK0      2     2      0
 ---------------------------------------------------------------------------------
 Estimated maximum stack depth 2
 ---------------------------------------------------------------------------------
 (Depth) Function   	        Calls       Base Space   Used Autos Params    Refs
 ---------------------------------------------------------------------------------
 (3) _isr                                                  4     4      0      45
                                              8 COMMON     4     4      0
                           _key_read
 ---------------------------------------------------------------------------------
 (4) _key_read                                             6     4      2      45
                                              2 COMMON     6     4      2
                      i1_eeprom_read
 ---------------------------------------------------------------------------------
 (5) i1_eeprom_read                                        2     2      0      22
                                              0 COMMON     2     2      0
 ---------------------------------------------------------------------------------
 Estimated maximum stack depth 5
 ---------------------------------------------------------------------------------

 Call Graph Graphs:

 _main (ROOT)
   _eeprom_read
   _eeprom_wr_init
     _eeprom_write
   _io_init
   _port_init
   _t0_init

 _isr (ROOT)
   _key_read
     i1_eeprom_read

 Address spaces:
Name               Size   Autos  Total    Cost      Usage
BANK3               60      0       0       9        0.0%
BITBANK3            60      0       0       8        0.0%
SFR3                 0      0       0       4        0.0%
BITSFR3              0      0       0       4        0.0%
BANK2               60      0       0      11        0.0%
BITBANK2            60      0       0      10        0.0%
SFR2                 0      0       0       5        0.0%
BITSFR2              0      0       0       5        0.0%
BANK1               50      0       0       7        0.0%
BITBANK1            50      0       0       6        0.0%
SFR1                 0      0       0       2        0.0%
BITSFR1              0      0       0       2        0.0%
BANK0               50      F      13       5       23.8%
BITBANK0            50      0       0       4        0.0%
SFR0                 0      0       0       1        0.0%
BITSFR0              0      0       0       1        0.0%
COMMON               E      C       E       1      100.0%
BITCOMMON            E      0       1       0        7.1%
CODE                 0      0       0       0        0.0%
DATA                 0      0      21      12        0.0%
ABS                  0      0      21       3        0.0%
NULL                 0      0       0       0        0.0%
STACK                0      0       0       2        0.0%
EEDATA             100      0       0       0        0.0%


Microchip Technology PIC Macro Assembler V1.45 build -152302408 
Symbol Table                                                                                   Fri Jul 03 19:36:13 2020

            __CFG_CP$OFF 0000                       _RD 0C60                       _WR 0C61  
                    l180 01C4                      l158 0222                      l920 018D  
                    l912 0186                      l904 0180                      l932 016C  
                    l934 01B5                      l928 01A0                      l880 0142  
                    l894 016A                      l888 0151                      _GIE 005F  
                    _RB5 0035                      _RB7 0037                      u301 0220  
                    _PS0 0408                      _PS1 0409                      _PS2 040A  
           __CFG_CPD$OFF 0000                      u365 015F                      u455 0176  
                    u467 01BB                      _PSA 040B          io_sw_read@swOld 007D  
                    _rch 0031                      _isr 01F1                      fsr0 0004  
                    indf 0000             __CFG_IESO$ON 0000             __CFG_FOSC$EC 0000  
           __CFG_LVP$OFF 0000                     ?_isr 0070                     _T0IE 005D  
                   _T0IF 005A                     _T0CS 040D                     _RBIE 005B  
                   i1l54 0211                     _TMR0 0001                     _WREN 0C62  
         ??_eeprom_write 0021             __CFG_WRT$OFF 0000            __CFG_FCMEN$ON 0000  
                   _main 0129                     btemp 007E            __CFG_BOREN$ON 0000  
                   start 0012            __CFG_MCLRE$ON 0000                    ??_isr 0078  
        __end_of_t0_init 02A6                    ?_main 0070                    _EEADR 010D  
                  _ANS13 0C4D            __CFG_WDTE$OFF 0000                    _CARRY 0018  
                  _IOCB6 04B6                    i1l158 0260                    i1l862 020C  
                  i1l864 020E                    u33_25 0205                    _PORTA 0005  
                  _PORTB 0006                    _PORTC 0007                    _TRISA 0085  
                  _TRISB 0086                    _TRISC 0087                    _WPUB6 04AE  
                  _nRBPU 040F          __end_of_io_init 0299                    main@i 002D  
         __pbitbssCOMMON 03E0                    pclath 000A                    status 0003  
                  wtemp0 007E          __initialization 0015             __end_of_main 01C1  
                 ??_main 0024   __size_ofi1_eeprom_read 001B                   _EEDATA 010C  
                 _EECON1 018C                   _EECON2 018D                   _TRISB5 0435  
                 _TRISB6 0436                   _TRISB7 0437         ??_eeprom_wr_init 0023  
         __CFG_PWRTE$OFF 0000     __size_of_eeprom_read 0024                ??_t0_init 0020  
                 _antigo 002F         __end_of_key_read 025F     __end_of_eeprom_write 01F1  
              ??_io_init 0020             __pdataCOMMON 007D                   saved_w 007E  
__end_of__initialization 001E          eeprom_read@addr 0021            i1_eeprom_read 025F  
         __pcstackCOMMON 0070        eeprom_write@value 0020               __pbssBANK0 002F  
         ?i1_eeprom_read 0070               __pmaintext 0129               __pintentry 0004  
     __size_of_port_init 0010                ?_key_read 0072                  _t0_init 0299  
  __size_of_eeprom_write 0030                  __ptext1 0299                  __ptext2 027A  
                __ptext3 028A                  __ptext4 0022                  __ptext5 01C1  
                __ptext6 021C                  __ptext7 01F1                  __ptext8 0240  
                __ptext9 025F                  _io_init 028A             __size_of_isr 002B  
                main@lcd 0026     end_of_initialization 001E          ??i1_eeprom_read 0070  
             ??_key_read 0074             _eeprom_write 01C1        __end_of_port_init 028A  
          ??_eeprom_read 0020            __pidataCOMMON 02A6      start_initialization 0015  
            __end_of_isr 021C      __end_of_eeprom_read 0240  __size_of_eeprom_wr_init 0107  
              ___latbits 0002            __pcstackBANK0 0020         eeprom_write@addr 0022  
      __size_of_key_read 001F                 ?_t0_init 0070                 ?_io_init 0070  
      interrupt_function 0004              _eeprom_read 021C                _swPressed 03E0  
              _port_init 027A                main@i_max 002B    __end_ofi1_eeprom_read 027A  
       __size_of_t0_init 000D           _eeprom_wr_init 0022               ?_port_init 0070  
          key_read@temp1 0076         __size_of_io_init 000F        __CFG_BOR4V$BOR40V 0000  
      i1eeprom_read@addr 0071                 _key_read 0240            __size_of_main 0098  
 __end_of_eeprom_wr_init 0129                 intlevel1 0000          ?_eeprom_wr_init 0070  
            ??_port_init 0020            ?_eeprom_write 0020             ?_eeprom_read 0070  
